2019-12-03 11:31:42,088  INFO [main] LogReport:49 - verifying the user it navigated to home page or not
2019-12-03 11:31:42,119  INFO [main] LogReport:53 - verified that user landed to right page
2019-12-03 11:31:42,120  INFO [main] LogReport:42 - validated the user landed successfully
2019-12-03 11:31:42,120  INFO [main] LogReport:44 - click on the hotel tab
2019-12-03 11:31:44,070  INFO [main] LogReport:51 -  enter the destination data in the input
2019-12-03 11:31:44,985  INFO [main] LogReport:59 - select the bangalore location
2019-12-03 11:31:45,389  INFO [main] LogReport:62 - enter the check in date and check out
2019-12-03 11:31:45,564  INFO [main] LogReport:70 - write the checkin date in the file
2019-12-03 11:31:46,005  INFO [main] LogReport:73 - write the checkout date in the file
2019-12-03 11:31:46,256  INFO [main] LogReport:77 - input the checkin date
2019-12-03 11:31:46,692  INFO [main] LogReport:79 - input the checkOut date
2019-12-03 11:31:47,079  INFO [main] LogReport:82 - click the plus btn for no of  adult
2019-12-03 11:31:47,309  INFO [main] LogReport:84 - click the btn for no of child 
2019-12-03 11:31:47,881  INFO [main] LogReport:88 - click on the search btn 
2019-12-03 11:31:53,828  INFO [main] LogReport:91 - verify the user landed to hotel page or not
2019-12-03 11:31:53,829  INFO [main] LogReport:85 - verifying the user it navigated to hotel page or not
2019-12-03 11:31:53,848  INFO [main] LogReport:88 - verified the user it navigated to hotel page or not
2019-12-03 11:31:53,849  INFO [main] LogReport:93 - verified the user landed to hotel page or not
2019-12-03 11:31:53,849  INFO [main] LogReport:95 - click the modify btn
2019-12-03 11:31:54,119  INFO [main] LogReport:98 - varify booking details
2019-12-03 11:31:54,773  INFO [main] LogReport:114 - bookedChild0
2019-12-03 11:31:54,902  INFO [main] LogReport:121 - 2
2019-12-03 11:31:54,903  INFO [main] LogReport:123 - verify the distination 
2019-12-03 11:31:54,904  INFO [main] LogReport:126 - verify the checkInDate
2019-12-03 11:31:54,904  INFO [main] LogReport:129 - verify the checkoutDate 
2019-12-03 11:31:54,905  INFO [main] LogReport:131 - verify the no of adult
2019-12-03 11:31:54,905  INFO [main] LogReport:133 - verify the no of child
2019-12-03 11:31:54,908  INFO [main] LogReport:136 - verified the destination, checkin ,checkout,noofAdult ,noofchild  
2019-12-03 11:31:54,908  INFO [main] LogReport:101 - varified the booking details
2019-12-03 11:31:54,908  INFO [main] LogReport:102 -  search on the lowest price hotel
2019-12-03 11:31:58,693  INFO [main] LogReport:176 - 27.3
2019-12-03 11:32:02,865  INFO [main] LogReport:185 - 9
2019-12-03 11:32:02,866  INFO [main] LogReport:104 - clicked on the demo btn navigate to hoteldetails 
2019-12-03 11:32:02,866  INFO [main] LogReport:106 - verify the hotel:name,address
2019-12-03 11:32:03,124  INFO [main] LogReport:221 - varify the hotelName
2019-12-03 11:32:03,412  INFO [main] LogReport:231 - varify the hotelAddress
2019-12-03 11:32:03,413  INFO [main] LogReport:108 - verified the hotel name and address
2019-12-03 11:32:03,413  INFO [main] LogReport:110 - verify the  booking details -destination,checkin,checkout,no of child,adult 
2019-12-03 11:32:03,841  INFO [main] LogReport:114 - bookedChild0
2019-12-03 11:32:04,021  INFO [main] LogReport:121 - 2
2019-12-03 11:32:04,022  INFO [main] LogReport:123 - verify the distination 
2019-12-03 11:32:04,022  INFO [main] LogReport:126 - verify the checkInDate
2019-12-03 11:32:04,022  INFO [main] LogReport:129 - verify the checkoutDate 
2019-12-03 11:32:04,023  INFO [main] LogReport:131 - verify the no of adult
2019-12-03 11:32:04,023  INFO [main] LogReport:133 - verify the no of child
2019-12-03 11:32:04,024  INFO [main] LogReport:136 - verified the destination, checkin ,checkout,noofAdult ,noofchild  
2019-12-03 11:32:04,024  INFO [main] LogReport:112 - verified the booking details of hotel 
2019-12-03 12:33:15,769  INFO [main] LogReport:49 - verifying the user it navigated to home page or not
2019-12-03 12:33:15,791  INFO [main] LogReport:53 - verified that user landed to right page
2019-12-03 12:33:15,791  INFO [main] LogReport:42 - validated the user landed successfully
2019-12-03 12:33:15,791  INFO [main] LogReport:44 - click on the hotel tab
2019-12-03 12:33:17,477  INFO [main] LogReport:51 -  enter the destination data in the input
2019-12-03 12:33:18,150  INFO [main] LogReport:59 - select the bangalore location
2019-12-03 12:33:53,453  INFO [main] LogReport:49 - verifying the user it navigated to home page or not
2019-12-03 12:33:53,479  INFO [main] LogReport:53 - verified that user landed to right page
2019-12-03 12:33:53,479  INFO [main] LogReport:42 - validated the user landed successfully
2019-12-03 12:33:53,479  INFO [main] LogReport:44 - click on the hotel tab
2019-12-03 12:33:55,186  INFO [main] LogReport:51 -  enter the destination data in the input
2019-12-03 12:33:55,888  INFO [main] LogReport:59 - select the bangalore location
2019-12-03 12:33:56,234  INFO [main] LogReport:62 - enter the check in date and check out
2019-12-03 12:33:56,414  INFO [main] LogReport:70 - write the checkin date in the file
2019-12-03 12:33:56,858  INFO [main] LogReport:73 - write the checkout date in the file
2019-12-03 12:33:57,269  INFO [main] LogReport:77 - input the checkin date
2019-12-03 12:33:57,778  INFO [main] LogReport:79 - input the checkOut date
2019-12-03 12:33:58,391  INFO [main] LogReport:82 - click the plus btn for no of  adult
2019-12-03 12:33:58,602  INFO [main] LogReport:84 - click the btn for no of child 
2019-12-03 12:33:59,132  INFO [main] LogReport:88 - click on the search btn 
2019-12-03 12:34:04,459  INFO [main] LogReport:91 - verify the user landed to hotel page or not
2019-12-03 12:34:04,459  INFO [main] LogReport:85 - verifying the user it navigated to hotel page or not
2019-12-03 12:34:04,479  INFO [main] LogReport:88 - verified the user it navigated to hotel page or not
2019-12-03 12:34:04,480  INFO [main] LogReport:93 - verified the user landed to hotel page or not
2019-12-03 12:34:04,480  INFO [main] LogReport:95 - click the modify btn
2019-12-03 12:34:04,734  INFO [main] LogReport:98 - varify booking details
2019-12-03 12:34:05,384  INFO [main] LogReport:114 - bookedChild0
2019-12-03 12:34:05,642  INFO [main] LogReport:121 - 2
2019-12-03 12:34:05,642  INFO [main] LogReport:123 - verify the distination 
2019-12-03 12:34:05,642  INFO [main] LogReport:126 - verify the checkInDate
2019-12-03 12:34:05,642  INFO [main] LogReport:129 - verify the checkoutDate 
2019-12-03 12:34:05,642  INFO [main] LogReport:131 - verify the no of adult
2019-12-03 12:34:05,642  INFO [main] LogReport:133 - verify the no of child
2019-12-03 12:34:05,646  INFO [main] LogReport:136 - verified the destination, checkin ,checkout,noofAdult ,noofchild  
2019-12-03 12:34:05,647  INFO [main] LogReport:101 - varified the booking details
2019-12-03 12:34:05,647  INFO [main] LogReport:102 -  search on the lowest price hotel
2019-12-03 12:34:09,172  INFO [main] LogReport:176 - 27.3
2019-12-03 12:34:14,124  INFO [main] LogReport:185 - 9
2019-12-03 12:34:14,125  INFO [main] LogReport:104 - clicked on the demo btn navigate to hoteldetails 
2019-12-03 12:34:14,126  INFO [main] LogReport:106 - verify the hotel:name,address
2019-12-03 12:34:14,502  INFO [main] LogReport:221 - varify the hotelName
2019-12-03 12:34:14,872  INFO [main] LogReport:231 - varify the hotelAddress
2019-12-03 12:34:14,876  INFO [main] LogReport:108 - verified the hotel name and address
2019-12-03 12:34:14,876  INFO [main] LogReport:110 - verify the  booking details -destination,checkin,checkout,no of child,adult 
2019-12-03 12:34:15,499  INFO [main] LogReport:114 - bookedChild0
2019-12-03 12:34:15,720  INFO [main] LogReport:121 - 2
2019-12-03 12:34:15,721  INFO [main] LogReport:123 - verify the distination 
2019-12-03 12:34:15,721  INFO [main] LogReport:126 - verify the checkInDate
2019-12-03 12:34:15,721  INFO [main] LogReport:129 - verify the checkoutDate 
2019-12-03 12:34:15,722  INFO [main] LogReport:131 - verify the no of adult
2019-12-03 12:34:15,722  INFO [main] LogReport:133 - verify the no of child
2019-12-03 12:34:15,722  INFO [main] LogReport:136 - verified the destination, checkin ,checkout,noofAdult ,noofchild  
2019-12-03 12:34:15,722  INFO [main] LogReport:112 - verified the booking details of hotel 
2019-12-03 14:13:27,692  INFO [main] LogReport:49 - verifying the user it navigated to home page or not
2019-12-03 14:13:27,715  INFO [main] LogReport:53 - verified that user landed to right page
2019-12-03 14:13:27,716  INFO [main] LogReport:42 - validated the user landed successfully
2019-12-03 14:13:27,716  INFO [main] LogReport:44 - click on the hotel tab
2019-12-03 14:15:28,449  INFO [main] LogReport:49 - verifying the user it navigated to home page or not
2019-12-03 14:15:28,477  INFO [main] LogReport:53 - verified that user landed to right page
2019-12-03 14:15:28,477  INFO [main] LogReport:42 - validated the user landed successfully
2019-12-03 14:15:28,477  INFO [main] LogReport:44 - click on the hotel tab
2019-12-03 14:21:14,151  INFO [main] LogReport:49 - verifying the user it navigated to home page or not
2019-12-03 14:21:14,172  INFO [main] LogReport:53 - verified that user landed to right page
2019-12-03 14:21:14,172  INFO [main] LogReport:42 - validated the user landed successfully
2019-12-03 14:21:14,176  INFO [main] LogReport:44 - click on the hotel tab
2019-12-03 14:25:24,784  INFO [main] LogReport:49 - verifying the user it navigated to home page or not
2019-12-03 14:25:24,809  INFO [main] LogReport:53 - verified that user landed to right page
2019-12-03 14:25:24,809  INFO [main] LogReport:42 - validated the user landed successfully
2019-12-03 14:25:24,809  INFO [main] LogReport:44 - click on the hotel tab
2019-12-03 14:34:35,400  INFO [main] LogReport:49 - verifying the user it navigated to home page or not
2019-12-03 14:34:35,435  INFO [main] LogReport:53 - verified that user landed to right page
2019-12-03 14:34:35,435  INFO [main] LogReport:42 - validated the user landed successfully
2019-12-03 14:34:35,435  INFO [main] LogReport:44 - click on the hotel tab
2019-12-03 14:38:29,082  INFO [main] LogReport:49 - verifying the user it navigated to home page or not
2019-12-03 14:38:29,107  INFO [main] LogReport:53 - verified that user landed to right page
2019-12-03 14:38:29,107  INFO [main] LogReport:42 - validated the user landed successfully
2019-12-03 14:38:29,107  INFO [main] LogReport:44 - click on the hotel tab
2019-12-03 14:42:41,583  INFO [main] LogReport:49 - verifying the user it navigated to home page or not
2019-12-03 14:42:41,607  INFO [main] LogReport:53 - verified that user landed to right page
2019-12-03 14:42:41,607  INFO [main] LogReport:42 - validated the user landed successfully
2019-12-03 14:42:41,607  INFO [main] LogReport:44 - click on the hotel tab
2019-12-03 14:48:07,715  INFO [main] LogReport:49 - verifying the user it navigated to home page or not
2019-12-03 14:48:07,740  INFO [main] LogReport:53 - verified that user landed to right page
2019-12-03 14:48:07,740  INFO [main] LogReport:42 - validated the user landed successfully
2019-12-03 14:48:07,741  INFO [main] LogReport:44 - click on the hotel tab
2019-12-03 15:05:32,771  INFO [main] LogReport:49 - verifying the user it navigated to home page or not
2019-12-03 15:05:32,796  INFO [main] LogReport:53 - verified that user landed to right page
2019-12-03 15:05:32,796  INFO [main] LogReport:42 - validated the user landed successfully
2019-12-03 15:05:32,797  INFO [main] LogReport:44 - click on the hotel tab
2019-12-03 15:09:19,696  INFO [main] LogReport:49 - verifying the user it navigated to home page or not
2019-12-03 15:09:19,724  INFO [main] LogReport:53 - verified that user landed to right page
2019-12-03 15:09:19,724  INFO [main] LogReport:42 - validated the user landed successfully
2019-12-03 15:09:19,725  INFO [main] LogReport:44 - click on the hotel tab
2019-12-03 15:09:56,341  INFO [main] LogReport:49 - verifying the user it navigated to home page or not
2019-12-03 15:09:56,371  INFO [main] LogReport:53 - verified that user landed to right page
2019-12-03 15:09:56,371  INFO [main] LogReport:42 - validated the user landed successfully
2019-12-03 15:09:56,371  INFO [main] LogReport:44 - click on the hotel tab
2019-12-03 15:12:22,742  INFO [main] LogReport:49 - verifying the user it navigated to home page or not
2019-12-03 15:12:22,788  INFO [main] LogReport:53 - verified that user landed to right page
2019-12-03 15:12:22,788  INFO [main] LogReport:42 - validated the user landed successfully
2019-12-03 15:12:22,789  INFO [main] LogReport:44 - click on the hotel tab
2019-12-03 15:14:27,380  INFO [main] LogReport:49 - verifying the user it navigated to home page or not
2019-12-03 15:14:27,404  INFO [main] LogReport:53 - verified that user landed to right page
2019-12-03 15:14:27,405  INFO [main] LogReport:42 - validated the user landed successfully
2019-12-03 15:14:27,405  INFO [main] LogReport:44 - click on the hotel tab
2019-12-03 15:14:32,496  INFO [main] LogReport:57 -  enter the destination data in the input
2019-12-03 15:14:33,153  INFO [main] LogReport:65 - select the bangalore location
2019-12-03 15:14:33,536  INFO [main] LogReport:68 - enter the check in date and check out
2019-12-03 15:14:33,825  INFO [main] LogReport:70 - write the checkin date in the file
2019-12-03 15:14:35,039  INFO [main] LogReport:73 - write the checkout date in the file
2019-12-03 15:14:35,220  INFO [main] LogReport:83 - input the checkin date
2019-12-03 15:14:35,616  INFO [main] LogReport:85 - input the checkOut date
2019-12-03 15:14:35,956  INFO [main] LogReport:88 - click the plus btn for no of  adult
2019-12-03 15:14:36,172  INFO [main] LogReport:90 - click the btn for no of child 
2019-12-03 15:14:36,655  INFO [main] LogReport:94 - click on the search btn 
2019-12-03 15:14:46,668  INFO [main] LogReport:97 - verify the user landed to hotel page or not
2019-12-03 15:14:46,669  INFO [main] LogReport:85 - verifying the user it navigated to hotel page or not
2019-12-03 15:14:46,692  INFO [main] LogReport:88 - verified the user it navigated to hotel page or not
2019-12-03 15:14:46,692  INFO [main] LogReport:99 - verified the user landed to hotel page or not
2019-12-03 15:14:46,693  INFO [main] LogReport:101 - click the modify btn
2019-12-03 15:14:47,001  INFO [main] LogReport:104 - varify booking details
2019-12-03 15:14:47,774  INFO [main] LogReport:114 - bookedChild0
2019-12-03 15:14:47,959  INFO [main] LogReport:121 - 2
2019-12-03 15:14:47,960  INFO [main] LogReport:123 - verify the distination 
2019-12-03 15:14:47,988  INFO [main] LogReport:126 - verify the checkInDate
2019-12-03 15:14:47,988  INFO [main] LogReport:129 - verify the checkoutDate 
2019-12-03 15:14:47,989  INFO [main] LogReport:131 - verify the no of adult
2019-12-03 15:14:47,990  INFO [main] LogReport:133 - verify the no of child
2019-12-03 15:14:47,991  INFO [main] LogReport:136 - verified the destination, checkin ,checkout,noofAdult ,noofchild  
2019-12-03 15:14:47,991  INFO [main] LogReport:107 - varified the booking details
2019-12-03 15:14:47,992  INFO [main] LogReport:108 -  search on the lowest price hotel
2019-12-03 15:14:51,583  INFO [main] LogReport:176 - 27.3
2019-12-03 15:14:56,092  INFO [main] LogReport:185 - 10
2019-12-03 15:14:56,092  INFO [main] LogReport:110 - clicked on the demo btn navigate to hoteldetails 
2019-12-03 15:14:56,092  INFO [main] LogReport:112 - verify the hotel:name,address
2019-12-03 15:14:56,389  INFO [main] LogReport:221 - varify the hotelName
2019-12-03 15:14:56,648  INFO [main] LogReport:231 - varify the hotelAddress
2019-12-03 15:14:56,648  INFO [main] LogReport:114 - verified the hotel name and address
2019-12-03 15:14:56,649  INFO [main] LogReport:116 - verify the  booking details -destination,checkin,checkout,no of child,adult 
2019-12-03 15:14:57,092  INFO [main] LogReport:114 - bookedChild0
2019-12-03 15:14:57,278  INFO [main] LogReport:121 - 2
2019-12-03 15:14:57,279  INFO [main] LogReport:123 - verify the distination 
2019-12-03 15:14:57,279  INFO [main] LogReport:126 - verify the checkInDate
2019-12-03 15:14:57,279  INFO [main] LogReport:129 - verify the checkoutDate 
2019-12-03 15:14:57,280  INFO [main] LogReport:131 - verify the no of adult
2019-12-03 15:14:57,280  INFO [main] LogReport:133 - verify the no of child
2019-12-03 15:14:57,280  INFO [main] LogReport:136 - verified the destination, checkin ,checkout,noofAdult ,noofchild  
2019-12-03 15:14:57,280  INFO [main] LogReport:118 - verified the booking details of hotel 
2019-12-03 15:19:54,521  INFO [main] LogReport:49 - verifying the user it navigated to home page or not
2019-12-03 15:19:54,561  INFO [main] LogReport:53 - verified that user landed to right page
2019-12-03 15:19:54,561  INFO [main] LogReport:42 - validated the user landed successfully
2019-12-03 15:19:54,562  INFO [main] LogReport:44 - click on the hotel tab
2019-12-03 15:19:59,256  INFO [main] LogReport:57 -  enter the destination data in the input
2019-12-03 15:19:59,991  INFO [main] LogReport:65 - select the bangalore location
2019-12-03 15:20:00,419  INFO [main] LogReport:68 - enter the check in date and check out
2019-12-03 15:20:00,562  INFO [main] LogReport:70 - write the checkin date in the file
2019-12-03 15:20:01,005  INFO [main] LogReport:73 - write the checkout date in the file
2019-12-03 15:20:01,230  INFO [main] LogReport:83 - input the checkin date
2019-12-03 15:20:01,663  INFO [main] LogReport:85 - input the checkOut date
2019-12-03 15:20:02,058  INFO [main] LogReport:88 - click the plus btn for no of  adult
2019-12-03 15:20:02,276  INFO [main] LogReport:90 - click the btn for no of child 
2019-12-03 15:20:02,943  INFO [main] LogReport:94 - click on the search btn 
2019-12-03 15:20:10,379  INFO [main] LogReport:97 - verify the user landed to hotel page or not
2019-12-03 15:20:10,380  INFO [main] LogReport:85 - verifying the user it navigated to hotel page or not
2019-12-03 15:20:10,400  INFO [main] LogReport:88 - verified the user it navigated to hotel page or not
2019-12-03 15:20:10,401  INFO [main] LogReport:99 - verified the user landed to hotel page or not
2019-12-03 15:20:10,401  INFO [main] LogReport:101 - click the modify btn
2019-12-03 15:20:10,665  INFO [main] LogReport:104 - varify booking details
2019-12-03 15:20:11,387  INFO [main] LogReport:114 - bookedChild0
2019-12-03 15:20:11,590  INFO [main] LogReport:121 - 2
2019-12-03 15:20:11,591  INFO [main] LogReport:123 - verify the distination 
2019-12-03 15:20:11,591  INFO [main] LogReport:126 - verify the checkInDate
2019-12-03 15:20:11,592  INFO [main] LogReport:129 - verify the checkoutDate 
2019-12-03 15:20:11,592  INFO [main] LogReport:131 - verify the no of adult
2019-12-03 15:20:11,593  INFO [main] LogReport:133 - verify the no of child
2019-12-03 15:20:11,594  INFO [main] LogReport:136 - verified the destination, checkin ,checkout,noofAdult ,noofchild  
2019-12-03 15:20:11,595  INFO [main] LogReport:107 - varified the booking details
2019-12-03 15:20:11,595  INFO [main] LogReport:108 -  search on the lowest price hotel
2019-12-03 15:20:15,461  INFO [main] LogReport:176 - 27.3
2019-12-03 15:20:19,859  INFO [main] LogReport:185 - 10
2019-12-03 15:20:19,859  INFO [main] LogReport:110 - clicked on the demo btn navigate to hoteldetails 
2019-12-03 15:20:19,860  INFO [main] LogReport:112 - verify the hotel:name,address
2019-12-03 15:20:20,131  INFO [main] LogReport:221 - varify the hotelName
2019-12-03 15:20:20,419  INFO [main] LogReport:231 - varify the hotelAddress
2019-12-03 15:20:20,419  INFO [main] LogReport:114 - verified the hotel name and address
2019-12-03 15:20:20,419  INFO [main] LogReport:116 - verify the  booking details -destination,checkin,checkout,no of child,adult 
2019-12-03 15:20:20,958  INFO [main] LogReport:114 - bookedChild0
2019-12-03 15:20:21,166  INFO [main] LogReport:121 - 2
2019-12-03 15:20:21,166  INFO [main] LogReport:123 - verify the distination 
2019-12-03 15:20:21,166  INFO [main] LogReport:126 - verify the checkInDate
2019-12-03 15:20:21,167  INFO [main] LogReport:129 - verify the checkoutDate 
2019-12-03 15:20:21,168  INFO [main] LogReport:131 - verify the no of adult
2019-12-03 15:20:21,169  INFO [main] LogReport:133 - verify the no of child
2019-12-03 15:20:21,169  INFO [main] LogReport:136 - verified the destination, checkin ,checkout,noofAdult ,noofchild  
2019-12-03 15:20:21,175  INFO [main] LogReport:118 - verified the booking details of hotel 
2019-12-03 15:46:06,533  INFO [main] LogReport:49 - verifying the user it navigated to home page or not
2019-12-03 15:46:06,564  INFO [main] LogReport:53 - verified that user landed to right page
2019-12-03 15:46:06,564  INFO [main] LogReport:42 - validated the user landed successfully
2019-12-03 15:46:06,565  INFO [main] LogReport:44 - click on the hotel tab
2019-12-03 15:46:11,656  INFO [main] LogReport:57 -  enter the destination data in the input
2019-12-03 15:46:12,334  INFO [main] LogReport:65 - select the bangalore location
2019-12-03 15:46:12,764  INFO [main] LogReport:68 - enter the check in date and check out
2019-12-03 15:46:12,953  INFO [main] LogReport:70 - write the checkin date in the file
2019-12-03 15:46:13,399  INFO [main] LogReport:73 - write the checkout date in the file
2019-12-03 15:46:13,590  INFO [main] LogReport:83 - input the checkin date
2019-12-03 15:46:14,042  INFO [main] LogReport:85 - input the checkOut date
2019-12-03 15:46:14,441  INFO [main] LogReport:88 - click the plus btn for no of  adult
2019-12-03 15:46:14,633  INFO [main] LogReport:90 - click the btn for no of child 
2019-12-03 15:46:15,119  INFO [main] LogReport:94 - click on the search btn 
2019-12-03 15:46:20,268  INFO [main] LogReport:97 - verify the user landed to hotel page or not
2019-12-03 15:46:20,268  INFO [main] LogReport:85 - verifying the user it navigated to hotel page or not
2019-12-03 15:46:20,289  INFO [main] LogReport:88 - verified the user it navigated to hotel page or not
2019-12-03 15:46:20,290  INFO [main] LogReport:99 - verified the user landed to hotel page or not
2019-12-03 15:46:20,290  INFO [main] LogReport:101 - click the modify btn
2019-12-03 15:46:20,785  INFO [main] LogReport:104 - varify booking details
2019-12-03 15:46:21,627  INFO [main] LogReport:114 - bookedChild0
2019-12-03 15:46:21,806  INFO [main] LogReport:121 - 2
2019-12-03 15:46:21,806  INFO [main] LogReport:123 - verify the distination 
2019-12-03 15:46:21,807  INFO [main] LogReport:126 - verify the checkInDate
2019-12-03 15:46:21,807  INFO [main] LogReport:129 - verify the checkoutDate 
2019-12-03 15:46:21,807  INFO [main] LogReport:131 - verify the no of adult
2019-12-03 15:46:21,810  INFO [main] LogReport:133 - verify the no of child
2019-12-03 15:46:21,811  INFO [main] LogReport:136 - verified the destination, checkin ,checkout,noofAdult ,noofchild  
2019-12-03 15:46:21,812  INFO [main] LogReport:107 - varified the booking details
2019-12-03 15:46:21,813  INFO [main] LogReport:108 -  search on the lowest price hotel
2019-12-03 15:46:25,409  INFO [main] LogReport:176 - 27.3
2019-12-03 15:46:32,952  INFO [main] LogReport:185 - 10
2019-12-03 15:46:32,952  INFO [main] LogReport:110 - clicked on the demo btn navigate to hoteldetails 
2019-12-03 15:46:32,953  INFO [main] LogReport:112 - verify the hotel:name,address
2019-12-03 15:46:33,214  INFO [main] LogReport:221 - varify the hotelName
2019-12-03 15:46:33,553  INFO [main] LogReport:231 - varify the hotelAddress
2019-12-03 15:46:33,553  INFO [main] LogReport:114 - verified the hotel name and address
2019-12-03 15:46:33,554  INFO [main] LogReport:116 - verify the  booking details -destination,checkin,checkout,no of child,adult 
2019-12-03 15:46:34,279  INFO [main] LogReport:114 - bookedChild0
2019-12-03 15:46:34,490  INFO [main] LogReport:121 - 2
2019-12-03 15:46:34,490  INFO [main] LogReport:123 - verify the distination 
2019-12-03 15:46:34,491  INFO [main] LogReport:126 - verify the checkInDate
2019-12-03 15:46:34,491  INFO [main] LogReport:129 - verify the checkoutDate 
2019-12-03 15:46:34,491  INFO [main] LogReport:131 - verify the no of adult
2019-12-03 15:46:34,491  INFO [main] LogReport:133 - verify the no of child
2019-12-03 15:46:34,492  INFO [main] LogReport:136 - verified the destination, checkin ,checkout,noofAdult ,noofchild  
2019-12-03 15:46:34,492  INFO [main] LogReport:118 - verified the booking details of hotel 
2019-12-03 15:52:06,665  INFO [main] LogReport:49 - verifying the user it navigated to home page or not
2019-12-03 15:52:06,692  INFO [main] LogReport:53 - verified that user landed to right page
2019-12-03 15:52:06,692  INFO [main] LogReport:42 - validated the user landed successfully
2019-12-03 15:52:06,693  INFO [main] LogReport:44 - click on the hotel tab
2019-12-03 15:53:02,338  INFO [main] LogReport:49 - verifying the user it navigated to home page or not
2019-12-03 15:53:02,359  INFO [main] LogReport:53 - verified that user landed to right page
2019-12-03 15:53:02,360  INFO [main] LogReport:42 - validated the user landed successfully
2019-12-03 15:53:02,360  INFO [main] LogReport:44 - click on the hotel tab
2019-12-03 15:53:06,722  INFO [main] LogReport:57 -  enter the destination data in the input
2019-12-03 15:53:07,328  INFO [main] LogReport:65 - select the bangalore location
2019-12-03 15:53:07,771  INFO [main] LogReport:68 - enter the check in date and check out
2019-12-03 15:53:07,912  INFO [main] LogReport:70 - write the checkin date in the file
2019-12-03 15:53:08,254  INFO [main] LogReport:73 - write the checkout date in the file
2019-12-03 15:53:08,477  INFO [main] LogReport:83 - input the checkin date
2019-12-03 15:53:08,931  INFO [main] LogReport:85 - input the checkOut date
2019-12-03 15:53:09,364  INFO [main] LogReport:88 - click the plus btn for no of  adult
2019-12-03 15:53:09,603  INFO [main] LogReport:90 - click the btn for no of child 
2019-12-03 15:53:10,208  INFO [main] LogReport:94 - click on the search btn 
2019-12-03 15:53:16,079  INFO [main] LogReport:97 - verify the user landed to hotel page or not
2019-12-03 15:53:16,079  INFO [main] LogReport:85 - verifying the user it navigated to hotel page or not
2019-12-03 15:53:16,102  INFO [main] LogReport:88 - verified the user it navigated to hotel page or not
2019-12-03 15:53:16,103  INFO [main] LogReport:99 - verified the user landed to hotel page or not
2019-12-03 15:53:16,104  INFO [main] LogReport:101 - click the modify btn
2019-12-03 15:53:16,382  INFO [main] LogReport:104 - varify booking details
2019-12-03 15:53:17,051  INFO [main] LogReport:114 - bookedChild0
2019-12-03 15:53:17,217  INFO [main] LogReport:121 - 2
2019-12-03 15:53:17,217  INFO [main] LogReport:123 - verify the distination 
2019-12-03 15:53:17,218  INFO [main] LogReport:126 - verify the checkInDate
2019-12-03 15:53:17,218  INFO [main] LogReport:129 - verify the checkoutDate 
2019-12-03 15:53:17,219  INFO [main] LogReport:131 - verify the no of adult
2019-12-03 15:53:17,219  INFO [main] LogReport:133 - verify the no of child
2019-12-03 15:53:17,220  INFO [main] LogReport:136 - verified the destination, checkin ,checkout,noofAdult ,noofchild  
2019-12-03 15:53:17,221  INFO [main] LogReport:107 - varified the booking details
2019-12-03 15:53:17,221  INFO [main] LogReport:108 -  search on the lowest price hotel
2019-12-03 15:53:20,857  INFO [main] LogReport:176 - 27.3
2019-12-03 15:53:24,959  INFO [main] LogReport:185 - 10
2019-12-03 15:53:24,959  INFO [main] LogReport:110 - clicked on the demo btn navigate to hoteldetails 
2019-12-03 15:53:24,960  INFO [main] LogReport:112 - verify the hotel:name,address
2019-12-03 15:53:25,248  INFO [main] LogReport:221 - varify the hotelName
2019-12-03 15:53:25,497  INFO [main] LogReport:231 - varify the hotelAddress
2019-12-03 15:53:25,498  INFO [main] LogReport:114 - verified the hotel name and address
2019-12-03 15:53:25,498  INFO [main] LogReport:116 - verify the  booking details -destination,checkin,checkout,no of child,adult 
2019-12-03 15:53:26,029  INFO [main] LogReport:114 - bookedChild0
2019-12-03 15:53:26,217  INFO [main] LogReport:121 - 2
2019-12-03 15:53:26,218  INFO [main] LogReport:123 - verify the distination 
2019-12-03 15:53:26,219  INFO [main] LogReport:126 - verify the checkInDate
2019-12-03 15:53:26,219  INFO [main] LogReport:129 - verify the checkoutDate 
2019-12-03 15:53:26,220  INFO [main] LogReport:131 - verify the no of adult
2019-12-03 15:53:26,221  INFO [main] LogReport:133 - verify the no of child
2019-12-03 15:53:26,221  INFO [main] LogReport:136 - verified the destination, checkin ,checkout,noofAdult ,noofchild  
2019-12-03 15:53:26,224  INFO [main] LogReport:118 - verified the booking details of hotel 
2019-12-03 16:54:32,503  INFO [main] LogReport:49 - verifying the user it navigated to home page or not
2019-12-03 16:54:32,530  INFO [main] LogReport:53 - verified that user landed to right page
2019-12-03 16:54:32,531  INFO [main] LogReport:42 - validated the user landed successfully
2019-12-03 16:54:32,531  INFO [main] LogReport:44 - click on the hotel tab
2019-12-03 16:54:36,900  INFO [main] LogReport:57 -  enter the destination data in the input
2019-12-03 16:54:37,495  INFO [main] LogReport:65 - select the bangalore location
2019-12-03 16:54:37,830  INFO [main] LogReport:68 - enter the check in date and check out
2019-12-03 16:54:37,965  INFO [main] LogReport:70 - write the checkin date in the file
2019-12-03 16:54:38,362  INFO [main] LogReport:73 - write the checkout date in the file
2019-12-03 16:54:38,693  INFO [main] LogReport:83 - input the checkin date
2019-12-03 16:54:39,079  INFO [main] LogReport:85 - input the checkOut date
2019-12-03 16:54:39,441  INFO [main] LogReport:88 - click the plus btn for no of  adult
2019-12-03 16:54:39,640  INFO [main] LogReport:90 - click the btn for no of child 
2019-12-03 16:54:40,134  INFO [main] LogReport:94 - click on the search btn 
2019-12-03 16:54:45,496  INFO [main] LogReport:97 - verify the user landed to hotel page or not
2019-12-03 16:54:45,496  INFO [main] LogReport:85 - verifying the user it navigated to hotel page or not
2019-12-03 16:54:45,518  INFO [main] LogReport:88 - verified the user it navigated to hotel page or not
2019-12-03 16:54:45,519  INFO [main] LogReport:99 - verified the user landed to hotel page or not
2019-12-03 16:54:45,519  INFO [main] LogReport:101 - click the modify btn
2019-12-03 16:54:45,771  INFO [main] LogReport:104 - varify booking details
2019-12-03 16:54:46,608  INFO [main] LogReport:114 - bookedChild0
2019-12-03 16:54:46,727  INFO [main] LogReport:121 - 2
2019-12-03 16:54:46,728  INFO [main] LogReport:123 - verify the distination 
2019-12-03 16:54:46,728  INFO [main] LogReport:126 - verify the checkInDate
2019-12-03 16:54:46,728  INFO [main] LogReport:129 - verify the checkoutDate 
2019-12-03 16:54:46,729  INFO [main] LogReport:131 - verify the no of adult
2019-12-03 16:54:46,729  INFO [main] LogReport:133 - verify the no of child
2019-12-03 16:54:46,730  INFO [main] LogReport:136 - verified the destination, checkin ,checkout,noofAdult ,noofchild  
2019-12-03 16:54:46,730  INFO [main] LogReport:107 - varified the booking details
2019-12-03 16:54:46,731  INFO [main] LogReport:108 -  search on the lowest price hotel
2019-12-03 17:06:41,923  INFO [main] LogReport:49 - verifying the user it navigated to home page or not
2019-12-03 17:06:41,948  INFO [main] LogReport:53 - verified that user landed to right page
2019-12-03 17:06:41,949  INFO [main] LogReport:42 - validated the user landed successfully
2019-12-03 17:06:41,950  INFO [main] LogReport:44 - click on the hotel tab
2019-12-03 17:06:46,298  INFO [main] LogReport:57 -  enter the destination data in the input
2019-12-03 17:06:46,929  INFO [main] LogReport:65 - select the bangalore location
2019-12-03 17:06:47,457  INFO [main] LogReport:68 - enter the check in date and check out
2019-12-03 17:06:47,622  INFO [main] LogReport:70 - write the checkin date in the file
2019-12-03 17:06:48,022  INFO [main] LogReport:73 - write the checkout date in the file
2019-12-03 17:06:48,325  INFO [main] LogReport:83 - input the checkin date
2019-12-03 17:06:48,801  INFO [main] LogReport:85 - input the checkOut date
2019-12-03 17:06:49,154  INFO [main] LogReport:88 - click the plus btn for no of  adult
2019-12-03 17:06:49,375  INFO [main] LogReport:90 - click the btn for no of child 
2019-12-03 17:06:49,880  INFO [main] LogReport:94 - click on the search btn 
2019-12-03 17:06:57,607  INFO [main] LogReport:97 - verify the user landed to hotel page or not
2019-12-03 17:06:57,607  INFO [main] LogReport:85 - verifying the user it navigated to hotel page or not
2019-12-03 17:06:57,628  INFO [main] LogReport:88 - verified the user it navigated to hotel page or not
2019-12-03 17:06:57,629  INFO [main] LogReport:99 - verified the user landed to hotel page or not
2019-12-03 17:06:57,629  INFO [main] LogReport:101 - click the modify btn
2019-12-03 17:06:57,977  INFO [main] LogReport:104 - varify booking details
2019-12-03 17:06:58,720  INFO [main] LogReport:114 - bookedChild0
2019-12-03 17:06:58,835  INFO [main] LogReport:121 - 2
2019-12-03 17:06:58,836  INFO [main] LogReport:123 - verify the distination 
2019-12-03 17:06:58,837  INFO [main] LogReport:126 - verify the checkInDate
2019-12-03 17:06:58,837  INFO [main] LogReport:129 - verify the checkoutDate 
2019-12-03 17:06:58,837  INFO [main] LogReport:131 - verify the no of adult
2019-12-03 17:06:58,838  INFO [main] LogReport:133 - verify the no of child
2019-12-03 17:06:58,839  INFO [main] LogReport:136 - verified the destination, checkin ,checkout,noofAdult ,noofchild  
2019-12-03 17:06:58,839  INFO [main] LogReport:107 - varified the booking details
2019-12-03 17:06:58,840  INFO [main] LogReport:108 -  search on the lowest price hotel
2019-12-03 17:07:02,439  INFO [main] LogReport:176 - 27.3
2019-12-03 17:07:06,582  INFO [main] LogReport:185 - 10
2019-12-03 17:07:06,582  INFO [main] LogReport:110 - clicked on the demo btn navigate to hoteldetails 
2019-12-03 17:07:06,582  INFO [main] LogReport:112 - verify the hotel:name,address
2019-12-03 17:07:06,848  INFO [main] LogReport:221 - varify the hotelName
2019-12-03 17:07:07,227  INFO [main] LogReport:231 - varify the hotelAddress
2019-12-03 17:07:07,228  INFO [main] LogReport:114 - verified the hotel name and address
2019-12-03 17:07:07,228  INFO [main] LogReport:116 - verify the  booking details -destination,checkin,checkout,no of child,adult 
2019-12-03 17:07:07,672  INFO [main] LogReport:114 - bookedChild0
2019-12-03 17:07:07,855  INFO [main] LogReport:121 - 2
2019-12-03 17:07:07,855  INFO [main] LogReport:123 - verify the distination 
2019-12-03 17:07:07,856  INFO [main] LogReport:126 - verify the checkInDate
2019-12-03 17:07:07,856  INFO [main] LogReport:129 - verify the checkoutDate 
2019-12-03 17:07:07,856  INFO [main] LogReport:131 - verify the no of adult
2019-12-03 17:07:07,856  INFO [main] LogReport:133 - verify the no of child
2019-12-03 17:07:07,857  INFO [main] LogReport:136 - verified the destination, checkin ,checkout,noofAdult ,noofchild  
2019-12-03 17:07:07,857  INFO [main] LogReport:118 - verified the booking details of hotel 
2019-12-03 17:12:19,020  INFO [main] LogReport:49 - verifying the user it navigated to home page or not
2019-12-03 17:12:19,048  INFO [main] LogReport:53 - verified that user landed to right page
2019-12-03 17:12:19,049  INFO [main] LogReport:42 - validated the user landed successfully
2019-12-03 17:12:19,049  INFO [main] LogReport:44 - click on the hotel tab
2019-12-03 17:12:23,664  INFO [main] LogReport:57 -  enter the destination data in the input
2019-12-03 17:12:24,573  INFO [main] LogReport:65 - select the bangalore location
2019-12-03 17:14:04,992  INFO [main] LogReport:49 - verifying the user it navigated to home page or not
2019-12-03 17:14:05,017  INFO [main] LogReport:53 - verified that user landed to right page
2019-12-03 17:14:05,017  INFO [main] LogReport:42 - validated the user landed successfully
2019-12-03 17:14:05,018  INFO [main] LogReport:44 - click on the hotel tab
2019-12-03 17:14:09,397  INFO [main] LogReport:57 -  enter the destination data in the input
2019-12-03 17:15:19,017  INFO [main] LogReport:49 - verifying the user it navigated to home page or not
2019-12-03 17:15:19,041  INFO [main] LogReport:53 - verified that user landed to right page
2019-12-03 17:15:19,041  INFO [main] LogReport:42 - validated the user landed successfully
2019-12-03 17:15:19,042  INFO [main] LogReport:44 - click on the hotel tab
2019-12-03 17:15:23,515  INFO [main] LogReport:57 -  enter the destination data in the input
2019-12-03 17:16:57,275  INFO [main] LogReport:49 - verifying the user it navigated to home page or not
2019-12-03 17:16:57,372  INFO [main] LogReport:53 - verified that user landed to right page
2019-12-03 17:16:57,372  INFO [main] LogReport:42 - validated the user landed successfully
2019-12-03 17:16:57,372  INFO [main] LogReport:44 - click on the hotel tab
2019-12-03 17:17:01,190  INFO [main] LogReport:57 -  enter the destination data in the input
2019-12-03 17:17:02,096  INFO [main] LogReport:65 - select the bangalore location
2019-12-03 17:17:02,553  INFO [main] LogReport:68 - enter the check in date and check out
2019-12-03 17:17:02,730  INFO [main] LogReport:70 - write the checkin date in the file
2019-12-03 17:17:03,098  INFO [main] LogReport:73 - write the checkout date in the file
2019-12-03 17:17:03,350  INFO [main] LogReport:83 - input the checkin date
2019-12-03 17:17:04,169  INFO [main] LogReport:85 - input the checkOut date
2019-12-03 17:17:04,642  INFO [main] LogReport:88 - click the plus btn for no of  adult
2019-12-03 17:17:04,891  INFO [main] LogReport:90 - click the btn for no of child 
2019-12-03 17:17:05,651  INFO [main] LogReport:94 - click on the search btn 
2019-12-03 17:17:14,811  INFO [main] LogReport:97 - verify the user landed to hotel page or not
2019-12-03 17:17:14,811  INFO [main] LogReport:85 - verifying the user it navigated to hotel page or not
2019-12-03 17:17:14,830  INFO [main] LogReport:88 - verified the user it navigated to hotel page or not
2019-12-03 17:17:14,830  INFO [main] LogReport:99 - verified the user landed to hotel page or not
2019-12-03 17:17:14,830  INFO [main] LogReport:101 - click the modify btn
2019-12-03 17:17:15,041  INFO [main] LogReport:104 - varify booking details
2019-12-03 17:17:15,756  INFO [main] LogReport:114 - bookedChild0
2019-12-03 17:17:15,899  INFO [main] LogReport:121 - 2
2019-12-03 17:17:15,899  INFO [main] LogReport:123 - verify the distination 
2019-12-03 17:17:15,900  INFO [main] LogReport:126 - verify the checkInDate
2019-12-03 17:17:15,900  INFO [main] LogReport:129 - verify the checkoutDate 
2019-12-03 17:17:15,901  INFO [main] LogReport:131 - verify the no of adult
2019-12-03 17:17:15,901  INFO [main] LogReport:133 - verify the no of child
2019-12-03 17:17:15,903  INFO [main] LogReport:136 - verified the destination, checkin ,checkout,noofAdult ,noofchild  
2019-12-03 17:17:15,903  INFO [main] LogReport:107 - varified the booking details
2019-12-03 17:17:15,904  INFO [main] LogReport:108 -  search on the lowest price hotel
2019-12-03 17:17:19,827  INFO [main] LogReport:176 - 27.3
2019-12-03 17:17:24,179  INFO [main] LogReport:185 - 10
2019-12-03 17:17:24,180  INFO [main] LogReport:110 - clicked on the demo btn navigate to hoteldetails 
2019-12-03 17:17:24,180  INFO [main] LogReport:112 - verify the hotel:name,address
2019-12-03 17:17:24,390  INFO [main] LogReport:220 - varify the hotelName
2019-12-03 17:17:24,627  INFO [main] LogReport:230 - varify the hotelAddress
2019-12-03 17:17:24,628  INFO [main] LogReport:114 - verified the hotel name and address
2019-12-03 17:17:24,628  INFO [main] LogReport:116 - verify the  booking details -destination,checkin,checkout,no of child,adult 
2019-12-03 17:17:25,216  INFO [main] LogReport:114 - bookedChild0
2019-12-03 17:17:25,416  INFO [main] LogReport:121 - 2
2019-12-03 17:17:25,417  INFO [main] LogReport:123 - verify the distination 
2019-12-03 17:17:25,417  INFO [main] LogReport:126 - verify the checkInDate
2019-12-03 17:17:25,417  INFO [main] LogReport:129 - verify the checkoutDate 
2019-12-03 17:17:25,418  INFO [main] LogReport:131 - verify the no of adult
2019-12-03 17:17:25,418  INFO [main] LogReport:133 - verify the no of child
2019-12-03 17:17:25,419  INFO [main] LogReport:136 - verified the destination, checkin ,checkout,noofAdult ,noofchild  
2019-12-03 17:17:25,422  INFO [main] LogReport:118 - verified the booking details of hotel 
2019-12-03 18:56:55,504  INFO [main] LogReport:49 - verifying the user it navigated to home page or not
2019-12-03 18:56:55,559  INFO [main] LogReport:53 - verified that user landed to right page
2019-12-03 18:56:55,560  INFO [main] LogReport:42 - validated the user landed successfully
2019-12-03 18:56:55,560  INFO [main] LogReport:44 - click on the hotel tab
2019-12-03 18:57:00,339  INFO [main] LogReport:57 -  enter the destination data in the input
2019-12-03 18:57:01,061  INFO [main] LogReport:65 - select the bangalore location
2019-12-03 18:57:01,422  INFO [main] LogReport:68 - enter the check in date and check out
2019-12-03 18:57:01,548  INFO [main] LogReport:70 - write the checkin date in the file
2019-12-03 18:57:02,211  INFO [main] LogReport:73 - write the checkout date in the file
2019-12-03 18:57:02,554  INFO [main] LogReport:83 - input the checkin date
2019-12-03 18:57:02,999  INFO [main] LogReport:85 - input the checkOut date
2019-12-03 18:57:03,402  INFO [main] LogReport:88 - click the plus btn for no of  adult
2019-12-03 19:04:48,524  INFO [main] LogReport:49 - verifying the user it navigated to home page or not
2019-12-03 19:04:48,548  INFO [main] LogReport:53 - verified that user landed to right page
2019-12-03 19:04:48,548  INFO [main] LogReport:42 - validated the user landed successfully
2019-12-03 19:04:48,549  INFO [main] LogReport:44 - click on the hotel tab
2019-12-03 19:04:53,093  INFO [main] LogReport:57 -  enter the destination data in the input
2019-12-03 19:04:53,699  INFO [main] LogReport:65 - select the bangalore location
2019-12-03 19:05:35,850  INFO [main] LogReport:49 - verifying the user it navigated to home page or not
2019-12-03 19:05:35,885  INFO [main] LogReport:53 - verified that user landed to right page
2019-12-03 19:05:35,885  INFO [main] LogReport:42 - validated the user landed successfully
2019-12-03 19:05:35,886  INFO [main] LogReport:44 - click on the hotel tab
2019-12-03 19:05:40,286  INFO [main] LogReport:57 -  enter the destination data in the input
2019-12-03 19:05:40,887  INFO [main] LogReport:65 - select the bangalore location
2019-12-03 19:05:41,254  INFO [main] LogReport:68 - enter the check in date and check out
2019-12-03 19:05:41,386  INFO [main] LogReport:70 - write the checkin date in the file
2019-12-03 19:05:41,966  INFO [main] LogReport:73 - write the checkout date in the file
2019-12-03 19:05:42,290  INFO [main] LogReport:83 - input the checkin date
2019-12-03 19:05:42,668  INFO [main] LogReport:85 - input the checkOut date
2019-12-03 19:05:43,027  INFO [main] LogReport:88 - click the plus btn for no of  adult
2019-12-03 19:09:21,068  INFO [main] LogReport:49 - verifying the user it navigated to home page or not
2019-12-03 19:09:21,125  INFO [main] LogReport:53 - verified that user landed to right page
2019-12-03 19:09:21,125  INFO [main] LogReport:42 - validated the user landed successfully
2019-12-03 19:09:21,126  INFO [main] LogReport:44 - click on the hotel tab
2019-12-03 19:09:25,920  INFO [main] LogReport:57 -  enter the destination data in the input
2019-12-03 19:09:27,135  INFO [main] LogReport:65 - select the bangalore location
2019-12-03 19:09:27,547  INFO [main] LogReport:68 - enter the check in date and check out
2019-12-03 19:09:27,721  INFO [main] LogReport:70 - write the checkin date in the file
2019-12-03 19:09:28,554  INFO [main] LogReport:73 - write the checkout date in the file
2019-12-03 19:09:28,880  INFO [main] LogReport:83 - input the checkin date
2019-12-03 19:09:29,485  INFO [main] LogReport:85 - input the checkOut date
2019-12-03 19:09:29,993  INFO [main] LogReport:88 - click the plus btn for no of  adult
2019-12-03 19:18:21,597  INFO [main] LogReport:49 - verifying the user it navigated to home page or not
2019-12-03 19:18:21,630  INFO [main] LogReport:53 - verified that user landed to right page
2019-12-03 19:18:21,631  INFO [main] LogReport:42 - validated the user landed successfully
2019-12-03 19:18:21,631  INFO [main] LogReport:44 - click on the hotel tab
2019-12-03 19:18:26,044  INFO [main] LogReport:57 -  enter the destination data in the input
2019-12-03 19:18:26,802  INFO [main] LogReport:65 - select the bangalore location
2019-12-03 19:18:27,243  INFO [main] LogReport:68 - enter the check in date and check out
2019-12-03 19:18:27,414  INFO [main] LogReport:70 - write the checkin date in the file
2019-12-03 19:18:27,923  INFO [main] LogReport:73 - write the checkout date in the file
2019-12-03 19:18:28,235  INFO [main] LogReport:83 - input the checkin date
2019-12-03 19:18:28,754  INFO [main] LogReport:85 - input the checkOut date
2019-12-03 19:18:29,219  INFO [main] LogReport:88 - click the plus btn for no of  adult
2019-12-03 19:18:30,290  INFO [main] LogReport:105 - click on the search btn 
2019-12-03 19:18:38,394  INFO [main] LogReport:108 - verify the user landed to hotel page or not
2019-12-03 19:18:38,394  INFO [main] LogReport:85 - verifying the user it navigated to hotel page or not
2019-12-03 19:18:38,419  INFO [main] LogReport:88 - verified the user it navigated to hotel page or not
2019-12-03 19:18:38,422  INFO [main] LogReport:110 - verified the user landed to hotel page or not
2019-12-03 19:18:38,422  INFO [main] LogReport:112 - click the modify btn
2019-12-03 19:18:38,803  INFO [main] LogReport:115 - varify booking details
2019-12-03 19:18:39,675  INFO [main] LogReport:114 - bookedChild0
2019-12-03 19:18:39,880  INFO [main] LogReport:121 - 2
2019-12-03 19:18:39,881  INFO [main] LogReport:123 - verify the distination 
2019-12-03 19:18:39,881  INFO [main] LogReport:126 - verify the checkInDate
2019-12-03 19:18:39,882  INFO [main] LogReport:129 - verify the checkoutDate 
2019-12-03 19:18:39,882  INFO [main] LogReport:131 - verify the no of adult
2019-12-03 19:18:39,882  INFO [main] LogReport:133 - verify the no of child
2019-12-03 19:18:39,884  INFO [main] LogReport:136 - verified the destination, checkin ,checkout,noofAdult ,noofchild  
2019-12-03 19:18:39,884  INFO [main] LogReport:118 - varified the booking details
2019-12-03 19:18:39,885  INFO [main] LogReport:119 -  search on the lowest price hotel
2019-12-03 19:18:44,397  INFO [main] LogReport:176 - 27.3
2019-12-03 19:18:49,320  INFO [main] LogReport:185 - 10
2019-12-03 19:18:49,321  INFO [main] LogReport:121 - clicked on the demo btn navigate to hoteldetails 
2019-12-03 19:18:49,321  INFO [main] LogReport:123 - verify the hotel:name,address
2019-12-03 19:18:49,631  INFO [main] LogReport:220 - varify the hotelName
2019-12-03 19:18:50,006  INFO [main] LogReport:230 - varify the hotelAddress
2019-12-03 19:18:50,006  INFO [main] LogReport:125 - verified the hotel name and address
2019-12-03 19:18:50,007  INFO [main] LogReport:127 - verify the  booking details -destination,checkin,checkout,no of child,adult 
2019-12-03 19:18:50,755  INFO [main] LogReport:114 - bookedChild0
2019-12-03 19:18:51,007  INFO [main] LogReport:121 - 2
2019-12-03 19:18:51,007  INFO [main] LogReport:123 - verify the distination 
2019-12-03 19:18:51,008  INFO [main] LogReport:126 - verify the checkInDate
2019-12-03 19:18:51,008  INFO [main] LogReport:129 - verify the checkoutDate 
2019-12-03 19:18:51,008  INFO [main] LogReport:131 - verify the no of adult
2019-12-03 19:18:51,010  INFO [main] LogReport:133 - verify the no of child
2019-12-03 19:18:51,011  INFO [main] LogReport:136 - verified the destination, checkin ,checkout,noofAdult ,noofchild  
2019-12-03 19:18:51,014  INFO [main] LogReport:129 - verified the booking details of hotel 
2019-12-03 19:44:20,795  INFO [main] LogReport:49 - verifying the user it navigated to home page or not
2019-12-03 19:44:20,820  INFO [main] LogReport:53 - verified that user landed to right page
2019-12-03 19:44:20,821  INFO [main] LogReport:42 - validated the user landed successfully
2019-12-03 19:44:20,821  INFO [main] LogReport:44 - click on the hotel tab
2019-12-03 19:44:25,461  INFO [main] LogReport:57 -  enter the destination data in the input
2019-12-03 19:44:26,210  INFO [main] LogReport:65 - select the bangalore location
2019-12-03 19:44:26,593  INFO [main] LogReport:68 - enter the check in date and check out
2019-12-03 19:44:26,776  INFO [main] LogReport:70 - write the checkin date in the file
2019-12-03 19:44:27,251  INFO [main] LogReport:73 - write the checkout date in the file
2019-12-03 19:44:27,538  INFO [main] LogReport:83 - input the checkin date
2019-12-03 19:44:28,053  INFO [main] LogReport:85 - input the checkOut date
2019-12-03 19:44:28,492  INFO [main] LogReport:90 - click the btn for no of adult, child 
2019-12-03 19:44:29,543  INFO [main] LogReport:102 - click on the search btn 
2019-12-03 19:44:36,052  INFO [main] LogReport:105 - verify the user landed to hotel page or not
2019-12-03 19:44:36,052  INFO [main] LogReport:85 - verifying the user it navigated to hotel page or not
2019-12-03 19:44:36,074  INFO [main] LogReport:88 - verified the user it navigated to hotel page or not
2019-12-03 19:44:36,075  INFO [main] LogReport:107 - verified the user landed to hotel page or not
2019-12-03 19:44:36,076  INFO [main] LogReport:109 - click the modify btn
2019-12-03 19:44:36,369  INFO [main] LogReport:112 - varify booking details
2019-12-03 19:44:37,218  INFO [main] LogReport:114 - bookedChild0
2019-12-03 19:44:37,398  INFO [main] LogReport:121 - 2
2019-12-03 19:44:37,399  INFO [main] LogReport:123 - verify the distination 
2019-12-03 19:44:37,399  INFO [main] LogReport:126 - verify the checkInDate
2019-12-03 19:44:37,399  INFO [main] LogReport:129 - verify the checkoutDate 
2019-12-03 19:44:37,400  INFO [main] LogReport:131 - verify the no of adult
2019-12-03 19:44:37,400  INFO [main] LogReport:133 - verify the no of child
2019-12-03 19:44:37,402  INFO [main] LogReport:136 - verified the destination, checkin ,checkout,noofAdult ,noofchild  
2019-12-03 19:44:37,402  INFO [main] LogReport:115 - varified the booking details
2019-12-03 19:44:37,402  INFO [main] LogReport:116 -  search on the lowest price hotel
2019-12-03 19:44:41,898  INFO [main] LogReport:178 - 27.3
2019-12-03 19:44:47,086  INFO [main] LogReport:187 - 10
2019-12-03 19:44:47,087  INFO [main] LogReport:118 - clicked on the demo btn navigate to hoteldetails 
2019-12-03 19:44:47,087  INFO [main] LogReport:120 - verify the hotel:name,address
2019-12-03 19:44:47,367  INFO [main] LogReport:222 - varify the hotelName
2019-12-03 19:44:47,708  INFO [main] LogReport:232 - varify the hotelAddress
2019-12-03 19:44:47,709  INFO [main] LogReport:122 - verified the hotel name and address
2019-12-03 19:44:47,710  INFO [main] LogReport:124 - verify the  booking details -destination,checkin,checkout,no of child,adult 
2019-12-03 19:44:48,312  INFO [main] LogReport:114 - bookedChild0
2019-12-03 19:44:48,598  INFO [main] LogReport:121 - 2
2019-12-03 19:44:48,598  INFO [main] LogReport:123 - verify the distination 
2019-12-03 19:44:48,598  INFO [main] LogReport:126 - verify the checkInDate
2019-12-03 19:44:48,635  INFO [main] LogReport:129 - verify the checkoutDate 
2019-12-03 19:44:48,636  INFO [main] LogReport:131 - verify the no of adult
2019-12-03 19:44:48,636  INFO [main] LogReport:133 - verify the no of child
2019-12-03 19:44:48,636  INFO [main] LogReport:136 - verified the destination, checkin ,checkout,noofAdult ,noofchild  
2019-12-03 19:44:48,636  INFO [main] LogReport:126 - verified the booking details of hotel 
2019-12-03 19:45:56,327  INFO [main] LogReport:49 - verifying the user it navigated to home page or not
2019-12-03 19:45:56,355  INFO [main] LogReport:53 - verified that user landed to right page
2019-12-03 19:45:56,356  INFO [main] LogReport:42 - validated the user landed successfully
2019-12-03 19:45:56,356  INFO [main] LogReport:44 - click on the hotel tab
2019-12-03 19:46:00,175  INFO [main] LogReport:57 -  enter the destination data in the input
2019-12-03 19:46:00,903  INFO [main] LogReport:65 - select the bangalore location
2019-12-03 19:46:01,369  INFO [main] LogReport:68 - enter the check in date and check out
2019-12-03 19:46:01,610  INFO [main] LogReport:70 - write the checkin date in the file
2019-12-03 19:46:02,091  INFO [main] LogReport:73 - write the checkout date in the file
2019-12-03 19:46:02,506  INFO [main] LogReport:83 - input the checkin date
2019-12-03 19:46:03,043  INFO [main] LogReport:85 - input the checkOut date
2019-12-03 19:46:03,721  INFO [main] LogReport:90 - click the btn for no of adult, child 
2019-12-03 19:46:04,606  INFO [main] LogReport:102 - click on the search btn 
2019-12-03 19:46:11,423  INFO [main] LogReport:105 - verify the user landed to hotel page or not
2019-12-03 19:46:11,424  INFO [main] LogReport:85 - verifying the user it navigated to hotel page or not
2019-12-03 19:46:11,447  INFO [main] LogReport:88 - verified the user it navigated to hotel page or not
2019-12-03 19:46:11,449  INFO [main] LogReport:107 - verified the user landed to hotel page or not
2019-12-03 19:46:11,449  INFO [main] LogReport:109 - click the modify btn
2019-12-03 19:46:11,743  INFO [main] LogReport:112 - varify booking details
2019-12-03 19:46:12,459  INFO [main] LogReport:114 - bookedChild0
2019-12-03 19:46:12,606  INFO [main] LogReport:121 - 2
2019-12-03 19:46:12,610  INFO [main] LogReport:123 - verify the distination 
2019-12-03 19:46:12,611  INFO [main] LogReport:126 - verify the checkInDate
2019-12-03 19:46:12,612  INFO [main] LogReport:129 - verify the checkoutDate 
2019-12-03 19:46:12,612  INFO [main] LogReport:131 - verify the no of adult
2019-12-03 19:46:12,613  INFO [main] LogReport:133 - verify the no of child
2019-12-03 19:46:12,614  INFO [main] LogReport:136 - verified the destination, checkin ,checkout,noofAdult ,noofchild  
2019-12-03 19:46:12,614  INFO [main] LogReport:115 - varified the booking details
2019-12-03 19:46:12,615  INFO [main] LogReport:116 -  search on the lowest price hotel
2019-12-03 19:46:16,999  INFO [main] LogReport:176 - 27.3
2019-12-03 19:46:23,005  INFO [main] LogReport:185 - 10
2019-12-03 19:46:23,006  INFO [main] LogReport:118 - clicked on the demo btn navigate to hoteldetails 
2019-12-03 19:46:23,006  INFO [main] LogReport:120 - verify the hotel:name,address
2019-12-03 19:46:23,289  INFO [main] LogReport:220 - varify the hotelName
2019-12-03 19:46:23,634  INFO [main] LogReport:230 - varify the hotelAddress
2019-12-03 19:46:23,656  INFO [main] LogReport:122 - verified the hotel name and address
2019-12-03 19:46:23,656  INFO [main] LogReport:124 - verify the  booking details -destination,checkin,checkout,no of child,adult 
2019-12-03 19:46:24,325  INFO [main] LogReport:114 - bookedChild0
2019-12-03 19:46:24,483  INFO [main] LogReport:121 - 2
2019-12-03 19:46:24,483  INFO [main] LogReport:123 - verify the distination 
2019-12-03 19:46:24,484  INFO [main] LogReport:126 - verify the checkInDate
2019-12-03 19:46:24,485  INFO [main] LogReport:129 - verify the checkoutDate 
2019-12-03 19:46:24,486  INFO [main] LogReport:131 - verify the no of adult
2019-12-03 19:46:24,487  INFO [main] LogReport:133 - verify the no of child
2019-12-03 19:46:24,487  INFO [main] LogReport:136 - verified the destination, checkin ,checkout,noofAdult ,noofchild  
2019-12-03 19:46:24,488  INFO [main] LogReport:126 - verified the booking details of hotel 
2019-12-03 19:51:22,247  INFO [main] LogReport:51 - verifying the user it navigated to home page or not
2019-12-03 19:51:22,280  INFO [main] LogReport:55 - verified that user landed to right page
2019-12-03 19:51:22,280  INFO [main] LogReport:42 - validated the user landed successfully
2019-12-03 19:51:22,281  INFO [main] LogReport:44 - click on the hotel tab
2019-12-03 19:51:27,205  INFO [main] LogReport:57 -  enter the destination data in the input
2019-12-03 19:51:27,759  INFO [main] LogReport:65 - select the bangalore location
2019-12-03 19:51:28,205  INFO [main] LogReport:68 - enter the check in date and check out
2019-12-03 19:51:28,368  INFO [main] LogReport:72 - write the checkin date in the file
2019-12-03 19:51:28,888  INFO [main] LogReport:75 - write the checkout date in the file
2019-12-03 19:51:29,123  INFO [main] LogReport:83 - input the checkin date
2019-12-03 19:51:29,603  INFO [main] LogReport:85 - input the checkOut date
2019-12-03 19:51:30,212  INFO [main] LogReport:90 - click the btn for no of adult, child 
2019-12-03 19:51:31,062  INFO [main] LogReport:102 - click on the search btn 
2019-12-03 19:51:37,262  INFO [main] LogReport:105 - verify the user landed to hotel page or not
2019-12-03 19:51:37,263  INFO [main] LogReport:87 - verifying the user it navigated to hotel page or not
2019-12-03 19:51:37,284  INFO [main] LogReport:90 - verified the user it navigated to hotel page or not
2019-12-03 19:51:37,286  INFO [main] LogReport:107 - verified the user landed to hotel page or not
2019-12-03 19:51:37,286  INFO [main] LogReport:109 - click the modify btn
2019-12-03 19:51:37,574  INFO [main] LogReport:112 - varify booking details
2019-12-03 19:51:38,297  INFO [main] LogReport:116 - bookedChild0
2019-12-03 19:51:38,498  INFO [main] LogReport:123 - 2
2019-12-03 19:51:38,499  INFO [main] LogReport:125 - verify the distination 
2019-12-03 19:51:38,499  INFO [main] LogReport:128 - verify the checkInDate
2019-12-03 19:51:38,499  INFO [main] LogReport:131 - verify the checkoutDate 
2019-12-03 19:51:38,502  INFO [main] LogReport:133 - verify the no of adult
2019-12-03 19:51:38,503  INFO [main] LogReport:135 - verify the no of child
2019-12-03 19:51:38,506  INFO [main] LogReport:138 - verified the destination, checkin ,checkout,noofAdult ,noofchild  
2019-12-03 19:51:38,507  INFO [main] LogReport:115 - varified the booking details
2019-12-03 19:51:38,507  INFO [main] LogReport:116 -  search on the lowest price hotel
2019-12-03 19:51:42,983  INFO [main] LogReport:178 - 27.3
2019-12-03 19:51:48,430  INFO [main] LogReport:187 - 10
2019-12-03 19:51:48,431  INFO [main] LogReport:118 - clicked on the demo btn navigate to hoteldetails 
2019-12-03 19:51:48,432  INFO [main] LogReport:120 - verify the hotel:name,address
2019-12-03 19:51:48,809  INFO [main] LogReport:223 - varify the hotelName
2019-12-03 19:51:49,143  INFO [main] LogReport:233 - varify the hotelAddress
2019-12-03 19:51:49,144  INFO [main] LogReport:122 - verified the hotel name and address
2019-12-03 19:51:49,144  INFO [main] LogReport:124 - verify the  booking details -destination,checkin,checkout,no of child,adult 
2019-12-03 19:51:49,783  INFO [main] LogReport:116 - bookedChild0
2019-12-03 19:51:50,008  INFO [main] LogReport:123 - 2
2019-12-03 19:51:50,009  INFO [main] LogReport:125 - verify the distination 
2019-12-03 19:51:50,009  INFO [main] LogReport:128 - verify the checkInDate
2019-12-03 19:51:50,009  INFO [main] LogReport:131 - verify the checkoutDate 
2019-12-03 19:51:50,009  INFO [main] LogReport:133 - verify the no of adult
2019-12-03 19:51:50,011  INFO [main] LogReport:135 - verify the no of child
2019-12-03 19:51:50,011  INFO [main] LogReport:138 - verified the destination, checkin ,checkout,noofAdult ,noofchild  
2019-12-03 19:51:50,012  INFO [main] LogReport:126 - verified the booking details of hotel 
2019-12-03 19:53:10,488  INFO [main] LogReport:51 - verifying the user it navigated to home page or not
2019-12-03 19:53:10,536  INFO [main] LogReport:55 - verified that user landed to right page
2019-12-03 19:53:10,536  INFO [main] LogReport:42 - validated the user landed successfully
2019-12-03 19:53:10,537  INFO [main] LogReport:44 - click on the hotel tab
2019-12-03 19:53:14,951  INFO [main] LogReport:57 -  enter the destination data in the input
2019-12-03 19:53:15,586  INFO [main] LogReport:62 - select the bangalore location
2019-12-03 19:53:16,091  INFO [main] LogReport:65 - enter the check in date and check out
2019-12-03 19:53:16,382  INFO [main] LogReport:72 - write the checkin date in the file
2019-12-03 19:53:17,242  INFO [main] LogReport:75 - write the checkout date in the file
2019-12-03 19:53:17,599  INFO [main] LogReport:80 - input the checkin date
2019-12-03 19:53:18,246  INFO [main] LogReport:82 - input the checkOut date
2019-12-03 19:53:18,678  INFO [main] LogReport:85 - click the btn for no of adult, child 
2019-12-03 19:53:19,545  INFO [main] LogReport:93 - click on the search btn 
2019-12-03 19:53:26,263  INFO [main] LogReport:96 - verify the user landed to hotel page or not
2019-12-03 19:53:26,264  INFO [main] LogReport:87 - verifying the user it navigated to hotel page or not
2019-12-03 19:53:26,303  INFO [main] LogReport:90 - verified the user it navigated to hotel page or not
2019-12-03 19:53:26,305  INFO [main] LogReport:98 - verified the user landed to hotel page or not
2019-12-03 19:53:26,305  INFO [main] LogReport:100 - click the modify btn
2019-12-03 19:53:26,738  INFO [main] LogReport:103 - varify booking details
2019-12-03 19:53:27,475  INFO [main] LogReport:116 - bookedChild0
2019-12-03 19:53:27,628  INFO [main] LogReport:123 - 2
2019-12-03 19:53:27,628  INFO [main] LogReport:125 - verify the distination 
2019-12-03 19:53:27,628  INFO [main] LogReport:128 - verify the checkInDate
2019-12-03 19:53:27,629  INFO [main] LogReport:131 - verify the checkoutDate 
2019-12-03 19:53:27,629  INFO [main] LogReport:133 - verify the no of adult
2019-12-03 19:53:27,629  INFO [main] LogReport:135 - verify the no of child
2019-12-03 19:53:27,631  INFO [main] LogReport:138 - verified the destination, checkin ,checkout,noofAdult ,noofchild  
2019-12-03 19:53:27,631  INFO [main] LogReport:106 - varified the booking details
2019-12-03 19:53:27,631  INFO [main] LogReport:107 -  search on the lowest price hotel
2019-12-03 19:53:32,442  INFO [main] LogReport:178 - 27.3
2019-12-03 19:53:38,531  INFO [main] LogReport:187 - 10
2019-12-03 19:53:38,532  INFO [main] LogReport:109 - clicked on the demo btn navigate to hoteldetails 
2019-12-03 19:53:38,532  INFO [main] LogReport:111 - verify the hotel:name,address
2019-12-03 19:53:38,847  INFO [main] LogReport:223 - varify the hotelName
2019-12-03 19:53:39,132  INFO [main] LogReport:233 - varify the hotelAddress
2019-12-03 19:53:39,133  INFO [main] LogReport:113 - verified the hotel name and address
2019-12-03 19:53:39,133  INFO [main] LogReport:115 - verify the  booking details -destination,checkin,checkout,no of child,adult 
2019-12-03 19:53:39,745  INFO [main] LogReport:116 - bookedChild0
2019-12-03 19:53:39,933  INFO [main] LogReport:123 - 2
2019-12-03 19:53:39,933  INFO [main] LogReport:125 - verify the distination 
2019-12-03 19:53:39,934  INFO [main] LogReport:128 - verify the checkInDate
2019-12-03 19:53:39,934  INFO [main] LogReport:131 - verify the checkoutDate 
2019-12-03 19:53:39,934  INFO [main] LogReport:133 - verify the no of adult
2019-12-03 19:53:39,934  INFO [main] LogReport:135 - verify the no of child
2019-12-03 19:53:39,935  INFO [main] LogReport:138 - verified the destination, checkin ,checkout,noofAdult ,noofchild  
2019-12-03 19:53:39,935  INFO [main] LogReport:117 - verified the booking details of hotel 
2019-12-03 20:08:34,206  INFO [main] LogReport:51 - verifying the user it navigated to home page or not
2019-12-03 20:08:34,246  INFO [main] LogReport:55 - verified that user landed to right page
2019-12-03 20:08:34,246  INFO [main] LogReport:44 - validated the user landed successfully
2019-12-03 20:08:34,246  INFO [main] LogReport:46 - click on the hotel tab
2019-12-03 20:08:38,634  INFO [main] LogReport:59 -  enter the destination data in the input
2019-12-03 20:08:39,092  INFO [main] LogReport:64 - select the bangalore location
2019-12-03 20:08:39,579  INFO [main] LogReport:67 - enter the check in date and check out
2019-12-03 20:08:39,725  INFO [main] LogReport:72 - write the checkin date in the file
2019-12-03 20:08:40,263  INFO [main] LogReport:75 - write the checkout date in the file
2019-12-03 20:08:40,465  INFO [main] LogReport:82 - input the checkin date
2019-12-03 20:08:40,890  INFO [main] LogReport:84 - input the checkOut date
2019-12-03 20:08:41,321  INFO [main] LogReport:87 - click the btn for no of adult, child 
2019-12-03 20:08:42,109  INFO [main] LogReport:93 - click on the search btn 
2019-12-03 20:08:49,033  INFO [main] LogReport:96 - verify the user landed to hotel page or not
2019-12-03 20:08:49,033  INFO [main] LogReport:87 - verifying the user it navigated to hotel page or not
2019-12-03 20:08:49,052  INFO [main] LogReport:90 - verified the user it navigated to hotel page or not
2019-12-03 20:08:49,054  INFO [main] LogReport:98 - verified the user landed to hotel page or not
2019-12-03 20:08:49,055  INFO [main] LogReport:100 - click the modify btn
2019-12-03 20:08:49,332  INFO [main] LogReport:103 - varify booking details
2019-12-03 20:08:49,999  INFO [main] LogReport:116 - bookedChild0
2019-12-03 20:08:50,134  INFO [main] LogReport:123 - 2
2019-12-03 20:08:50,135  INFO [main] LogReport:125 - verify the distination 
2019-12-03 20:08:50,135  INFO [main] LogReport:128 - verify the checkInDate
2019-12-03 20:08:50,135  INFO [main] LogReport:131 - verify the checkoutDate 
2019-12-03 20:08:50,135  INFO [main] LogReport:133 - verify the no of adult
2019-12-03 20:08:50,136  INFO [main] LogReport:135 - verify the no of child
2019-12-03 20:08:50,137  INFO [main] LogReport:138 - verified the destination, checkin ,checkout,noofAdult ,noofchild  
2019-12-03 20:08:50,137  INFO [main] LogReport:106 - varified the booking details
2019-12-03 20:08:50,138  INFO [main] LogReport:107 -  search on the lowest price hotel
2019-12-03 20:19:49,969  INFO [main] LogReport:53 - verifying the user it navigated to home page or not
2019-12-03 20:19:49,997  INFO [main] LogReport:57 - verified that user landed to right page
2019-12-03 20:19:49,997  INFO [main] LogReport:44 - validated the user landed successfully
2019-12-03 20:19:49,998  INFO [main] LogReport:46 - click on the hotel tab
2019-12-03 20:19:54,622  INFO [main] LogReport:59 -  enter the destination data in the input
2019-12-03 20:19:55,077  INFO [main] LogReport:64 - select the bangalore location
2019-12-03 20:19:55,471  INFO [main] LogReport:67 - enter the check in date and check out
2019-12-03 20:19:55,622  INFO [main] LogReport:74 - write the checkin date in the file
2019-12-03 20:19:56,015  INFO [main] LogReport:77 - write the checkout date in the file
2019-12-03 20:19:56,317  INFO [main] LogReport:82 - input the checkin date
2019-12-03 20:19:56,717  INFO [main] LogReport:84 - input the checkOut date
2019-12-03 20:19:57,085  INFO [main] LogReport:87 - click the btn for no of adult, child 
2019-12-03 20:19:57,771  INFO [main] LogReport:93 - click on the search btn 
2019-12-03 20:20:04,849  INFO [main] LogReport:96 - verify the user landed to hotel page or not
2019-12-03 20:20:04,850  INFO [main] LogReport:89 - verifying the user it navigated to hotel page or not
2019-12-03 20:20:04,869  INFO [main] LogReport:92 - verified the user it navigated to hotel page or not
2019-12-03 20:20:04,871  INFO [main] LogReport:98 - verified the user landed to hotel page or not
2019-12-03 20:20:04,871  INFO [main] LogReport:100 - click the modify btn
2019-12-03 20:20:05,142  INFO [main] LogReport:103 - varify booking details
2019-12-03 20:20:05,806  INFO [main] LogReport:118 - bookedChild0
2019-12-03 20:20:05,979  INFO [main] LogReport:125 - 2
2019-12-03 20:20:05,985  INFO [main] LogReport:127 - verify the distination 
2019-12-03 20:20:05,986  INFO [main] LogReport:130 - verify the checkInDate
2019-12-03 20:20:05,987  INFO [main] LogReport:133 - verify the checkoutDate 
2019-12-03 20:20:05,988  INFO [main] LogReport:135 - verify the no of adult
2019-12-03 20:20:05,989  INFO [main] LogReport:137 - verify the no of child
2019-12-03 20:20:05,992  INFO [main] LogReport:140 - verified the destination, checkin ,checkout,noofAdult ,noofchild  
2019-12-03 20:20:05,992  INFO [main] LogReport:106 - varified the booking details
2019-12-03 20:20:05,992  INFO [main] LogReport:107 -  search on the lowest price hotel
2019-12-03 20:21:10,444  INFO [main] LogReport:53 - verifying the user it navigated to home page or not
2019-12-03 20:21:10,516  INFO [main] LogReport:57 - verified that user landed to right page
2019-12-03 20:21:10,516  INFO [main] LogReport:44 - validated the user landed successfully
2019-12-03 20:21:10,517  INFO [main] LogReport:46 - click on the hotel tab
2019-12-03 20:21:15,317  INFO [main] LogReport:59 -  enter the destination data in the input
2019-12-03 20:21:15,879  INFO [main] LogReport:64 - select the bangalore location
2019-12-03 20:21:16,263  INFO [main] LogReport:67 - enter the check in date and check out
2019-12-03 20:21:16,415  INFO [main] LogReport:74 - write the checkin date in the file
2019-12-03 20:21:16,743  INFO [main] LogReport:77 - write the checkout date in the file
2019-12-03 20:21:16,942  INFO [main] LogReport:82 - input the checkin date
2019-12-03 20:21:17,341  INFO [main] LogReport:84 - input the checkOut date
2019-12-03 20:21:17,692  INFO [main] LogReport:87 - click the btn for no of adult, child 
2019-12-03 20:21:18,394  INFO [main] LogReport:93 - click on the search btn 
2019-12-03 20:21:25,102  INFO [main] LogReport:96 - verify the user landed to hotel page or not
2019-12-03 20:21:25,102  INFO [main] LogReport:89 - verifying the user it navigated to hotel page or not
2019-12-03 20:21:25,121  INFO [main] LogReport:92 - verified the user it navigated to hotel page or not
2019-12-03 20:21:25,123  INFO [main] LogReport:98 - verified the user landed to hotel page or not
2019-12-03 20:21:25,123  INFO [main] LogReport:100 - click the modify btn
2019-12-03 20:21:25,390  INFO [main] LogReport:103 - varify booking details
2019-12-03 20:21:26,256  INFO [main] LogReport:118 - bookedChild0
2019-12-03 20:21:26,417  INFO [main] LogReport:125 - 2
2019-12-03 20:21:26,418  INFO [main] LogReport:127 - verify the distination 
2019-12-03 20:21:26,418  INFO [main] LogReport:130 - verify the checkInDate
2019-12-03 20:21:26,419  INFO [main] LogReport:133 - verify the checkoutDate 
2019-12-03 20:21:26,422  INFO [main] LogReport:135 - verify the no of adult
2019-12-03 20:21:26,422  INFO [main] LogReport:137 - verify the no of child
2019-12-03 20:21:26,424  INFO [main] LogReport:140 - verified the destination, checkin ,checkout,noofAdult ,noofchild  
2019-12-03 20:21:26,424  INFO [main] LogReport:106 - varified the booking details
2019-12-03 20:21:26,425  INFO [main] LogReport:107 -  search on the lowest price hotel
2019-12-03 20:21:29,961  INFO [main] LogReport:180 - 27.3
2019-12-03 20:21:33,973  INFO [main] LogReport:189 - 10
2019-12-03 20:21:33,974  INFO [main] LogReport:109 - clicked on the demo btn navigate to hoteldetails 
2019-12-03 20:21:33,974  INFO [main] LogReport:111 - verify the hotel:name,address
2019-12-03 20:21:34,262  INFO [main] LogReport:224 - varify the hotelName
2019-12-03 20:21:34,519  INFO [main] LogReport:234 - varify the hotelAddress
2019-12-03 20:21:34,531  INFO [main] LogReport:113 - verified the hotel name and address
2019-12-03 20:21:34,531  INFO [main] LogReport:115 - verify the  booking details -destination,checkin,checkout,no of child,adult 
2019-12-03 20:21:35,046  INFO [main] LogReport:118 - bookedChild0
2019-12-03 20:21:35,267  INFO [main] LogReport:125 - 2
2019-12-03 20:21:35,267  INFO [main] LogReport:127 - verify the distination 
2019-12-03 20:21:35,268  INFO [main] LogReport:130 - verify the checkInDate
2019-12-03 20:21:35,268  INFO [main] LogReport:133 - verify the checkoutDate 
2019-12-03 20:21:35,268  INFO [main] LogReport:135 - verify the no of adult
2019-12-03 20:21:35,269  INFO [main] LogReport:137 - verify the no of child
2019-12-03 20:21:35,270  INFO [main] LogReport:140 - verified the destination, checkin ,checkout,noofAdult ,noofchild  
2019-12-03 20:21:35,272  INFO [main] LogReport:117 - verified the booking details of hotel 
